<?xml version="1.0" encoding="UTF-8"?>
<!-- Generated by org.testng.reporters.JUnitXMLReporter -->
<testsuite ignored="0" hostname="DESKTOP-721SLGV" failures="5" tests="5" name="Test" time="602.627" errors="0" timestamp="2022-07-16T09:26:28 IST">
  <testcase classname="TestNG.TC_SR_Usr_005" name="addAddress" time="210.302">
    <failure type="org.openqa.selenium.WebDriverException" message="chrome not reachable
Build info: version: &amp;apos;3.7.0&amp;apos;, revision: &amp;apos;2321c73&amp;apos;, time: &amp;apos;2017-11-02T22:12:12.411Z&amp;apos;
System info: host: &amp;apos;DESKTOP-721SLGV&amp;apos;, ip: &amp;apos;172.16.16.220&amp;apos;, os.name: &amp;apos;Windows 10&amp;apos;, os.arch: &amp;apos;amd64&amp;apos;, os.version: &amp;apos;10.0&amp;apos;, java.version: &amp;apos;18.0.1&amp;apos;
Driver info: driver.version: ChromeDriver
remote stacktrace: Backtrace:
	Ordinal0 [0x00E7D953+2414931]
	Ordinal0 [0x00E0F5E1+1963489]
	Ordinal0 [0x00CFC580+836992]
	Ordinal0 [0x00CF0105+786693]
	Ordinal0 [0x00D1C498+967832]
	Ordinal0 [0x00D186FA+952058]
	Ordinal0 [0x00D15FB1+942001]
	Ordinal0 [0x00D49100+1151232]
	Ordinal0 [0x00D48D5A+1150298]
	Ordinal0 [0x00D442B6+1131190]
	Ordinal0 [0x00D1E860+976992]
	Ordinal0 [0x00D1F756+980822]
	GetHandleVerifier [0x010ECC62+2510274]
	GetHandleVerifier [0x010DF760+2455744]
	GetHandleVerifier [0x00F0EABA+551962]
	GetHandleVerifier [0x00F0D916+547446]
	Ordinal0 [0x00E15F3B+1990459]
	Ordinal0 [0x00E1A898+2009240]
	Ordinal0 [0x00E1A985+2009477]
	Ordinal0 [0x00E23AD1+2046673]
	BaseThreadInitThunk [0x75486359+25]
	RtlGetAppContainerNamedObjectPath [0x77B37C14+228]
	RtlGetAppContainerNamedObjectPath [0x77B37BE4+180]
">
      <![CDATA[org.openqa.selenium.WebDriverException: chrome not reachable
Build info: version: '3.7.0', revision: '2321c73', time: '2017-11-02T22:12:12.411Z'
System info: host: 'DESKTOP-721SLGV', ip: '172.16.16.220', os.name: 'Windows 10', os.arch: 'amd64', os.version: '10.0', java.version: '18.0.1'
Driver info: driver.version: ChromeDriver
remote stacktrace: Backtrace:
Ordinal0 [0x00E7D953+2414931]
Ordinal0 [0x00E0F5E1+1963489]
Ordinal0 [0x00CFC580+836992]
Ordinal0 [0x00CF0105+786693]
Ordinal0 [0x00D1C498+967832]
Ordinal0 [0x00D186FA+952058]
Ordinal0 [0x00D15FB1+942001]
Ordinal0 [0x00D49100+1151232]
Ordinal0 [0x00D48D5A+1150298]
Ordinal0 [0x00D442B6+1131190]
Ordinal0 [0x00D1E860+976992]
Ordinal0 [0x00D1F756+980822]
GetHandleVerifier [0x010ECC62+2510274]
GetHandleVerifier [0x010DF760+2455744]
GetHandleVerifier [0x00F0EABA+551962]
GetHandleVerifier [0x00F0D916+547446]
Ordinal0 [0x00E15F3B+1990459]
Ordinal0 [0x00E1A898+2009240]
Ordinal0 [0x00E1A985+2009477]
Ordinal0 [0x00E23AD1+2046673]
BaseThreadInitThunk [0x75486359+25]
RtlGetAppContainerNamedObjectPath [0x77B37C14+228]
RtlGetAppContainerNamedObjectPath [0x77B37BE4+180]

at org.openqa.selenium.remote.W3CHandshakeResponse.lambda$new$0(W3CHandshakeResponse.java:57)
at org.openqa.selenium.remote.W3CHandshakeResponse.lambda$getResponseFunction$2(W3CHandshakeResponse.java:104)
at org.openqa.selenium.remote.ProtocolHandshake.lambda$createSession$0(ProtocolHandshake.java:123)
at java.base/java.util.stream.ReferencePipeline$3$1.accept(ReferencePipeline.java:197)
at java.base/java.util.Spliterators$ArraySpliterator.tryAdvance(Spliterators.java:1002)
at java.base/java.util.stream.ReferencePipeline.forEachWithCancel(ReferencePipeline.java:129)
at java.base/java.util.stream.AbstractPipeline.copyIntoWithCancel(AbstractPipeline.java:527)
at java.base/java.util.stream.AbstractPipeline.copyInto(AbstractPipeline.java:513)
at java.base/java.util.stream.AbstractPipeline.wrapAndCopyInto(AbstractPipeline.java:499)
at java.base/java.util.stream.FindOps$FindOp.evaluateSequential(FindOps.java:150)
at java.base/java.util.stream.AbstractPipeline.evaluate(AbstractPipeline.java:234)
at java.base/java.util.stream.ReferencePipeline.findFirst(ReferencePipeline.java:647)
at org.openqa.selenium.remote.ProtocolHandshake.createSession(ProtocolHandshake.java:126)
at org.openqa.selenium.remote.ProtocolHandshake.createSession(ProtocolHandshake.java:73)
at org.openqa.selenium.remote.HttpCommandExecutor.execute(HttpCommandExecutor.java:142)
at org.openqa.selenium.remote.service.DriverCommandExecutor.execute(DriverCommandExecutor.java:83)
at org.openqa.selenium.remote.RemoteWebDriver.execute(RemoteWebDriver.java:600)
at org.openqa.selenium.remote.RemoteWebDriver.startSession(RemoteWebDriver.java:219)
at org.openqa.selenium.remote.RemoteWebDriver.<init>(RemoteWebDriver.java:142)
at org.openqa.selenium.chrome.ChromeDriver.<init>(ChromeDriver.java:181)
at org.openqa.selenium.chrome.ChromeDriver.<init>(ChromeDriver.java:168)
at org.openqa.selenium.chrome.ChromeDriver.<init>(ChromeDriver.java:123)
at TestNG.TC_SR_Usr_005.addAddress(TC_SR_Usr_005.java:15)
at java.base/java.util.ArrayList.forEach(ArrayList.java:1511)
... Removed 28 stack frames]]>
    </failure>
  </testcase> <!-- addAddress -->
  <testcase classname="TestNG.TC_SR_User_001" name="AddUserName" time="192.227">
    <failure type="org.openqa.selenium.SessionNotCreatedException" message="session not created
from disconnected: received Inspector.detached event
  (Session info: chrome=103.0.5060.114)
Build info: version: &amp;apos;3.7.0&amp;apos;, revision: &amp;apos;2321c73&amp;apos;, time: &amp;apos;2017-11-02T22:12:12.411Z&amp;apos;
System info: host: &amp;apos;DESKTOP-721SLGV&amp;apos;, ip: &amp;apos;172.16.16.220&amp;apos;, os.name: &amp;apos;Windows 10&amp;apos;, os.arch: &amp;apos;amd64&amp;apos;, os.version: &amp;apos;10.0&amp;apos;, java.version: &amp;apos;18.0.1&amp;apos;
Driver info: driver.version: ChromeDriver
remote stacktrace: Backtrace:
	Ordinal0 [0x00E7D953+2414931]
	Ordinal0 [0x00E0F5E1+1963489]
	Ordinal0 [0x00CFC6B8+837304]
	Ordinal0 [0x00CEE45E+779358]
	Ordinal0 [0x00CEE04F+778319]
	Ordinal0 [0x00CED646+775750]
	Ordinal0 [0x00CEC565+771429]
	Ordinal0 [0x00CECA3D+772669]
	Ordinal0 [0x00CEC185+770437]
	Ordinal0 [0x00CF8253+819795]
	Ordinal0 [0x00CEC135+770357]
	Ordinal0 [0x00CED228+774696]
	Ordinal0 [0x00CEC565+771429]
	Ordinal0 [0x00CECA3D+772669]
	Ordinal0 [0x00CEC185+770437]
	Ordinal0 [0x00CF5F18+810776]
	Ordinal0 [0x00CEC135+770357]
	Ordinal0 [0x00CED228+774696]
	Ordinal0 [0x00CEC565+771429]
	Ordinal0 [0x00CECA3D+772669]
	Ordinal0 [0x00CEC185+770437]
	Ordinal0 [0x00CF3CA2+801954]
	Ordinal0 [0x00CEC135+770357]
	Ordinal0 [0x00CED228+774696]
	Ordinal0 [0x00CEC565+771429]
	Ordinal0 [0x00CECB68+772968]
	Ordinal0 [0x00CECAF8+772856]
	Ordinal0 [0x00CF27F6+796662]
	Ordinal0 [0x00CF2730+796464]
	Ordinal0 [0x00CEC135+770357]
	Ordinal0 [0x00CED228+774696]
	Ordinal0 [0x00CEC565+771429]
	Ordinal0 [0x00CECA3D+772669]
	Ordinal0 [0x00CEC185+770437]
	Ordinal0 [0x00CE7ACD+752333]
	Ordinal0 [0x00CEC135+770357]
	Ordinal0 [0x00CEBEC0+769728]
	Ordinal0 [0x00CEBC09+769033]
	Ordinal0 [0x00CFDA30+842288]
	Ordinal0 [0x00D4A199+1155481]
	Ordinal0 [0x00D48D5A+1150298]
	Ordinal0 [0x00D442B6+1131190]
	Ordinal0 [0x00D1E860+976992]
	Ordinal0 [0x00D1F756+980822]
	GetHandleVerifier [0x010ECC62+2510274]
	GetHandleVerifier [0x010DF760+2455744]
	GetHandleVerifier [0x00F0EABA+551962]
	GetHandleVerifier [0x00F0D916+547446]
	Ordinal0 [0x00E15F3B+1990459]
	Ordinal0 [0x00E1A898+2009240]
	Ordinal0 [0x00E1A985+2009477]
	Ordinal0 [0x00E23AD1+2046673]
	BaseThreadInitThunk [0x75486359+25]
	RtlGetAppContainerNamedObjectPath [0x77B37C14+228]
	RtlGetAppContainerNamedObjectPath [0x77B37BE4+180]
">
      <![CDATA[org.openqa.selenium.SessionNotCreatedException: session not created
from disconnected: received Inspector.detached event
  (Session info: chrome=103.0.5060.114)
Build info: version: '3.7.0', revision: '2321c73', time: '2017-11-02T22:12:12.411Z'
System info: host: 'DESKTOP-721SLGV', ip: '172.16.16.220', os.name: 'Windows 10', os.arch: 'amd64', os.version: '10.0', java.version: '18.0.1'
Driver info: driver.version: ChromeDriver
remote stacktrace: Backtrace:
Ordinal0 [0x00E7D953+2414931]
Ordinal0 [0x00E0F5E1+1963489]
Ordinal0 [0x00CFC6B8+837304]
Ordinal0 [0x00CEE45E+779358]
Ordinal0 [0x00CEE04F+778319]
Ordinal0 [0x00CED646+775750]
Ordinal0 [0x00CEC565+771429]
Ordinal0 [0x00CECA3D+772669]
Ordinal0 [0x00CEC185+770437]
Ordinal0 [0x00CF8253+819795]
Ordinal0 [0x00CEC135+770357]
Ordinal0 [0x00CED228+774696]
Ordinal0 [0x00CEC565+771429]
Ordinal0 [0x00CECA3D+772669]
Ordinal0 [0x00CEC185+770437]
Ordinal0 [0x00CF5F18+810776]
Ordinal0 [0x00CEC135+770357]
Ordinal0 [0x00CED228+774696]
Ordinal0 [0x00CEC565+771429]
Ordinal0 [0x00CECA3D+772669]
Ordinal0 [0x00CEC185+770437]
Ordinal0 [0x00CF3CA2+801954]
Ordinal0 [0x00CEC135+770357]
Ordinal0 [0x00CED228+774696]
Ordinal0 [0x00CEC565+771429]
Ordinal0 [0x00CECB68+772968]
Ordinal0 [0x00CECAF8+772856]
Ordinal0 [0x00CF27F6+796662]
Ordinal0 [0x00CF2730+796464]
Ordinal0 [0x00CEC135+770357]
Ordinal0 [0x00CED228+774696]
Ordinal0 [0x00CEC565+771429]
Ordinal0 [0x00CECA3D+772669]
Ordinal0 [0x00CEC185+770437]
Ordinal0 [0x00CE7ACD+752333]
Ordinal0 [0x00CEC135+770357]
Ordinal0 [0x00CEBEC0+769728]
Ordinal0 [0x00CEBC09+769033]
Ordinal0 [0x00CFDA30+842288]
Ordinal0 [0x00D4A199+1155481]
Ordinal0 [0x00D48D5A+1150298]
Ordinal0 [0x00D442B6+1131190]
Ordinal0 [0x00D1E860+976992]
Ordinal0 [0x00D1F756+980822]
GetHandleVerifier [0x010ECC62+2510274]
GetHandleVerifier [0x010DF760+2455744]
GetHandleVerifier [0x00F0EABA+551962]
GetHandleVerifier [0x00F0D916+547446]
Ordinal0 [0x00E15F3B+1990459]
Ordinal0 [0x00E1A898+2009240]
Ordinal0 [0x00E1A985+2009477]
Ordinal0 [0x00E23AD1+2046673]
BaseThreadInitThunk [0x75486359+25]
RtlGetAppContainerNamedObjectPath [0x77B37C14+228]
RtlGetAppContainerNamedObjectPath [0x77B37BE4+180]

at org.openqa.selenium.remote.W3CHandshakeResponse.lambda$new$0(W3CHandshakeResponse.java:57)
at org.openqa.selenium.remote.W3CHandshakeResponse.lambda$getResponseFunction$2(W3CHandshakeResponse.java:104)
at org.openqa.selenium.remote.ProtocolHandshake.lambda$createSession$0(ProtocolHandshake.java:123)
at java.base/java.util.stream.ReferencePipeline$3$1.accept(ReferencePipeline.java:197)
at java.base/java.util.Spliterators$ArraySpliterator.tryAdvance(Spliterators.java:1002)
at java.base/java.util.stream.ReferencePipeline.forEachWithCancel(ReferencePipeline.java:129)
at java.base/java.util.stream.AbstractPipeline.copyIntoWithCancel(AbstractPipeline.java:527)
at java.base/java.util.stream.AbstractPipeline.copyInto(AbstractPipeline.java:513)
at java.base/java.util.stream.AbstractPipeline.wrapAndCopyInto(AbstractPipeline.java:499)
at java.base/java.util.stream.FindOps$FindOp.evaluateSequential(FindOps.java:150)
at java.base/java.util.stream.AbstractPipeline.evaluate(AbstractPipeline.java:234)
at java.base/java.util.stream.ReferencePipeline.findFirst(ReferencePipeline.java:647)
at org.openqa.selenium.remote.ProtocolHandshake.createSession(ProtocolHandshake.java:126)
at org.openqa.selenium.remote.ProtocolHandshake.createSession(ProtocolHandshake.java:73)
at org.openqa.selenium.remote.HttpCommandExecutor.execute(HttpCommandExecutor.java:142)
at org.openqa.selenium.remote.service.DriverCommandExecutor.execute(DriverCommandExecutor.java:83)
at org.openqa.selenium.remote.RemoteWebDriver.execute(RemoteWebDriver.java:600)
at org.openqa.selenium.remote.RemoteWebDriver.startSession(RemoteWebDriver.java:219)
at org.openqa.selenium.remote.RemoteWebDriver.<init>(RemoteWebDriver.java:142)
at org.openqa.selenium.chrome.ChromeDriver.<init>(ChromeDriver.java:181)
at org.openqa.selenium.chrome.ChromeDriver.<init>(ChromeDriver.java:168)
at org.openqa.selenium.chrome.ChromeDriver.<init>(ChromeDriver.java:123)
at TestNG.TC_SR_User_001.AddUserName(TC_SR_User_001.java:23)
at java.base/java.util.ArrayList.forEach(ArrayList.java:1511)
... Removed 28 stack frames]]>
    </failure>
  </testcase> <!-- AddUserName -->
  <testcase classname="TestNG.TC_SR_User_002" name="addUserPassword" time="70.162">
    <failure type="org.openqa.selenium.WebDriverException" message="chrome not reachable
  (Session info: chrome=103.0.5060.114)
Build info: version: &amp;apos;3.7.0&amp;apos;, revision: &amp;apos;2321c73&amp;apos;, time: &amp;apos;2017-11-02T22:12:12.411Z&amp;apos;
System info: host: &amp;apos;DESKTOP-721SLGV&amp;apos;, ip: &amp;apos;172.16.16.220&amp;apos;, os.name: &amp;apos;Windows 10&amp;apos;, os.arch: &amp;apos;amd64&amp;apos;, os.version: &amp;apos;10.0&amp;apos;, java.version: &amp;apos;18.0.1&amp;apos;
Driver info: org.openqa.selenium.chrome.ChromeDriver
Capabilities {acceptInsecureCerts: false, browserName: chrome, browserVersion: 103.0.5060.114, chrome: {chromedriverVersion: 102.0.5005.61 (0e59bcc00cc4..., userDataDir: C:\Users\hp\AppData\Local\T...}, goog:chromeOptions: {debuggerAddress: localhost:54287}, javascriptEnabled: true, networkConnectionEnabled: false, pageLoadStrategy: normal, platform: WINDOWS, platformName: WINDOWS, proxy: Proxy(), setWindowRect: true, strictFileInteractability: false, timeouts: {implicit: 0, pageLoad: 300000, script: 30000}, unhandledPromptBehavior: dismiss and notify, webauthn:extension:credBlob: true, webauthn:extension:largeBlob: true, webauthn:virtualAuthenticators: true}
Session ID: 7d09ce1b7e7ebf92cc03709b3939eac7">
      <![CDATA[org.openqa.selenium.WebDriverException: chrome not reachable
  (Session info: chrome=103.0.5060.114)
Build info: version: '3.7.0', revision: '2321c73', time: '2017-11-02T22:12:12.411Z'
System info: host: 'DESKTOP-721SLGV', ip: '172.16.16.220', os.name: 'Windows 10', os.arch: 'amd64', os.version: '10.0', java.version: '18.0.1'
Driver info: org.openqa.selenium.chrome.ChromeDriver
Capabilities {acceptInsecureCerts: false, browserName: chrome, browserVersion: 103.0.5060.114, chrome: {chromedriverVersion: 102.0.5005.61 (0e59bcc00cc4..., userDataDir: C:\Users\hp\AppData\Local\T...}, goog:chromeOptions: {debuggerAddress: localhost:54287}, javascriptEnabled: true, networkConnectionEnabled: false, pageLoadStrategy: normal, platform: WINDOWS, platformName: WINDOWS, proxy: Proxy(), setWindowRect: true, strictFileInteractability: false, timeouts: {implicit: 0, pageLoad: 300000, script: 30000}, unhandledPromptBehavior: dismiss and notify, webauthn:extension:credBlob: true, webauthn:extension:largeBlob: true, webauthn:virtualAuthenticators: true}
Session ID: 7d09ce1b7e7ebf92cc03709b3939eac7
at org.openqa.selenium.remote.http.W3CHttpResponseCodec.createException(W3CHttpResponseCodec.java:187)
at org.openqa.selenium.remote.http.W3CHttpResponseCodec.decode(W3CHttpResponseCodec.java:122)
at org.openqa.selenium.remote.http.W3CHttpResponseCodec.decode(W3CHttpResponseCodec.java:49)
at org.openqa.selenium.remote.HttpCommandExecutor.execute(HttpCommandExecutor.java:164)
at org.openqa.selenium.remote.service.DriverCommandExecutor.execute(DriverCommandExecutor.java:83)
at org.openqa.selenium.remote.RemoteWebDriver.execute(RemoteWebDriver.java:600)
at org.openqa.selenium.remote.RemoteWebDriver.get(RemoteWebDriver.java:324)
at TestNG.TC_SR_User_002.addUserPassword(TC_SR_User_002.java:16)
at java.base/java.util.ArrayList.forEach(ArrayList.java:1511)
... Removed 28 stack frames]]>
    </failure>
  </testcase> <!-- addUserPassword -->
  <testcase classname="TestNG.TC_SR_User_003" name="addUserPhnNo" time="33.921">
    <failure type="org.openqa.selenium.WebDriverException" message="unknown error: cannot determine loading status
from disconnected: received Inspector.detached event
  (Session info: chrome=103.0.5060.114)
Build info: version: &amp;apos;3.7.0&amp;apos;, revision: &amp;apos;2321c73&amp;apos;, time: &amp;apos;2017-11-02T22:12:12.411Z&amp;apos;
System info: host: &amp;apos;DESKTOP-721SLGV&amp;apos;, ip: &amp;apos;172.16.16.220&amp;apos;, os.name: &amp;apos;Windows 10&amp;apos;, os.arch: &amp;apos;amd64&amp;apos;, os.version: &amp;apos;10.0&amp;apos;, java.version: &amp;apos;18.0.1&amp;apos;
Driver info: org.openqa.selenium.chrome.ChromeDriver
Capabilities {acceptInsecureCerts: false, browserName: chrome, browserVersion: 103.0.5060.114, chrome: {chromedriverVersion: 102.0.5005.61 (0e59bcc00cc4..., userDataDir: C:\Users\hp\AppData\Local\T...}, goog:chromeOptions: {debuggerAddress: localhost:54540}, javascriptEnabled: true, networkConnectionEnabled: false, pageLoadStrategy: normal, platform: WINDOWS, platformName: WINDOWS, proxy: Proxy(), setWindowRect: true, strictFileInteractability: false, timeouts: {implicit: 0, pageLoad: 300000, script: 30000}, unhandledPromptBehavior: dismiss and notify, webauthn:extension:credBlob: true, webauthn:extension:largeBlob: true, webauthn:virtualAuthenticators: true}
Session ID: eae2bc813757143590d3cce0f4e519af">
      <![CDATA[org.openqa.selenium.WebDriverException: unknown error: cannot determine loading status
from disconnected: received Inspector.detached event
  (Session info: chrome=103.0.5060.114)
Build info: version: '3.7.0', revision: '2321c73', time: '2017-11-02T22:12:12.411Z'
System info: host: 'DESKTOP-721SLGV', ip: '172.16.16.220', os.name: 'Windows 10', os.arch: 'amd64', os.version: '10.0', java.version: '18.0.1'
Driver info: org.openqa.selenium.chrome.ChromeDriver
Capabilities {acceptInsecureCerts: false, browserName: chrome, browserVersion: 103.0.5060.114, chrome: {chromedriverVersion: 102.0.5005.61 (0e59bcc00cc4..., userDataDir: C:\Users\hp\AppData\Local\T...}, goog:chromeOptions: {debuggerAddress: localhost:54540}, javascriptEnabled: true, networkConnectionEnabled: false, pageLoadStrategy: normal, platform: WINDOWS, platformName: WINDOWS, proxy: Proxy(), setWindowRect: true, strictFileInteractability: false, timeouts: {implicit: 0, pageLoad: 300000, script: 30000}, unhandledPromptBehavior: dismiss and notify, webauthn:extension:credBlob: true, webauthn:extension:largeBlob: true, webauthn:virtualAuthenticators: true}
Session ID: eae2bc813757143590d3cce0f4e519af
at org.openqa.selenium.remote.http.W3CHttpResponseCodec.createException(W3CHttpResponseCodec.java:187)
at org.openqa.selenium.remote.http.W3CHttpResponseCodec.decode(W3CHttpResponseCodec.java:122)
at org.openqa.selenium.remote.http.W3CHttpResponseCodec.decode(W3CHttpResponseCodec.java:49)
at org.openqa.selenium.remote.HttpCommandExecutor.execute(HttpCommandExecutor.java:164)
at org.openqa.selenium.remote.service.DriverCommandExecutor.execute(DriverCommandExecutor.java:83)
at org.openqa.selenium.remote.RemoteWebDriver.execute(RemoteWebDriver.java:600)
at org.openqa.selenium.remote.RemoteWebDriver.get(RemoteWebDriver.java:324)
at TestNG.TC_SR_User_003.addUserPhnNo(TC_SR_User_003.java:16)
at java.base/java.util.ArrayList.forEach(ArrayList.java:1511)
... Removed 28 stack frames]]>
    </failure>
  </testcase> <!-- addUserPhnNo -->
  <testcase classname="TestNG.TC_SR_User_004" name="addMailId" time="50.878">
    <failure type="org.openqa.selenium.WebDriverException" message="disconnected: Unable to receive message from renderer
  (Session info: chrome=103.0.5060.114)
Build info: version: &amp;apos;3.7.0&amp;apos;, revision: &amp;apos;2321c73&amp;apos;, time: &amp;apos;2017-11-02T22:12:12.411Z&amp;apos;
System info: host: &amp;apos;DESKTOP-721SLGV&amp;apos;, ip: &amp;apos;172.16.16.220&amp;apos;, os.name: &amp;apos;Windows 10&amp;apos;, os.arch: &amp;apos;amd64&amp;apos;, os.version: &amp;apos;10.0&amp;apos;, java.version: &amp;apos;18.0.1&amp;apos;
Driver info: org.openqa.selenium.chrome.ChromeDriver
Capabilities {acceptInsecureCerts: false, browserName: chrome, browserVersion: 103.0.5060.114, chrome: {chromedriverVersion: 102.0.5005.61 (0e59bcc00cc4..., userDataDir: C:\Users\hp\AppData\Local\T...}, goog:chromeOptions: {debuggerAddress: localhost:54631}, javascriptEnabled: true, networkConnectionEnabled: false, pageLoadStrategy: normal, platform: WINDOWS, platformName: WINDOWS, proxy: Proxy(), setWindowRect: true, strictFileInteractability: false, timeouts: {implicit: 0, pageLoad: 300000, script: 30000}, unhandledPromptBehavior: dismiss and notify, webauthn:extension:credBlob: true, webauthn:extension:largeBlob: true, webauthn:virtualAuthenticators: true}
Session ID: 24f48176a68e1229f854437a618375d0">
      <![CDATA[org.openqa.selenium.WebDriverException: disconnected: Unable to receive message from renderer
  (Session info: chrome=103.0.5060.114)
Build info: version: '3.7.0', revision: '2321c73', time: '2017-11-02T22:12:12.411Z'
System info: host: 'DESKTOP-721SLGV', ip: '172.16.16.220', os.name: 'Windows 10', os.arch: 'amd64', os.version: '10.0', java.version: '18.0.1'
Driver info: org.openqa.selenium.chrome.ChromeDriver
Capabilities {acceptInsecureCerts: false, browserName: chrome, browserVersion: 103.0.5060.114, chrome: {chromedriverVersion: 102.0.5005.61 (0e59bcc00cc4..., userDataDir: C:\Users\hp\AppData\Local\T...}, goog:chromeOptions: {debuggerAddress: localhost:54631}, javascriptEnabled: true, networkConnectionEnabled: false, pageLoadStrategy: normal, platform: WINDOWS, platformName: WINDOWS, proxy: Proxy(), setWindowRect: true, strictFileInteractability: false, timeouts: {implicit: 0, pageLoad: 300000, script: 30000}, unhandledPromptBehavior: dismiss and notify, webauthn:extension:credBlob: true, webauthn:extension:largeBlob: true, webauthn:virtualAuthenticators: true}
Session ID: 24f48176a68e1229f854437a618375d0
at org.openqa.selenium.remote.http.W3CHttpResponseCodec.createException(W3CHttpResponseCodec.java:187)
at org.openqa.selenium.remote.http.W3CHttpResponseCodec.decode(W3CHttpResponseCodec.java:122)
at org.openqa.selenium.remote.http.W3CHttpResponseCodec.decode(W3CHttpResponseCodec.java:49)
at org.openqa.selenium.remote.HttpCommandExecutor.execute(HttpCommandExecutor.java:164)
at org.openqa.selenium.remote.service.DriverCommandExecutor.execute(DriverCommandExecutor.java:83)
at org.openqa.selenium.remote.RemoteWebDriver.execute(RemoteWebDriver.java:600)
at org.openqa.selenium.remote.RemoteWebDriver.get(RemoteWebDriver.java:324)
at TestNG.TC_SR_User_004.addMailId(TC_SR_User_004.java:16)
at java.base/java.util.ArrayList.forEach(ArrayList.java:1511)
... Removed 28 stack frames]]>
    </failure>
  </testcase> <!-- addMailId -->
</testsuite> <!-- Test -->
