<?xml version="1.0" encoding="UTF-8"?>
<!-- Generated by org.testng.reporters.JUnitReportReporter -->
<testsuite hostname="DESKTOP-721SLGV" failures="0" tests="1" name="TestNG.TC_SR_Usr_005" time="210.302" errors="1" timestamp="2022-07-16T09:26:34 IST" skipped="0">
  <testcase classname="TestNG.TC_SR_Usr_005" name="addAddress" time="210.302">
    <error message="chrome not reachable
Build info: version: &#039;3.7.0&#039;, revision: &#039;2321c73&#039;, time: &#039;2017-11-02T22:12:12.411Z&#039;
System info: host: &#039;DESKTOP-721SLGV&#039;, ip: &#039;172.16.16.220&#039;, os.name: &#039;Windows 10&#039;, os.arch: &#039;amd64&#039;, os.version: &#039;10.0&#039;, java.version: &#039;18.0.1&#039;
Driver info: driver.version: ChromeDriver
remote stacktrace: Backtrace:
	Ordinal0 [0x00E7D953+2414931]
	Ordinal0 [0x00E0F5E1+1963489]
	Ordinal0 [0x00CFC580+836992]
	Ordinal0 [0x00CF0105+786693]
	Ordinal0 [0x00D1C498+967832]
	Ordinal0 [0x00D186FA+952058]
	Ordinal0 [0x00D15FB1+942001]
	Ordinal0 [0x00D49100+1151232]
	Ordinal0 [0x00D48D5A+1150298]
	Ordinal0 [0x00D442B6+1131190]
	Ordinal0 [0x00D1E860+976992]
	Ordinal0 [0x00D1F756+980822]
	GetHandleVerifier [0x010ECC62+2510274]
	GetHandleVerifier [0x010DF760+2455744]
	GetHandleVerifier [0x00F0EABA+551962]
	GetHandleVerifier [0x00F0D916+547446]
	Ordinal0 [0x00E15F3B+1990459]
	Ordinal0 [0x00E1A898+2009240]
	Ordinal0 [0x00E1A985+2009477]
	Ordinal0 [0x00E23AD1+2046673]
	BaseThreadInitThunk [0x75486359+25]
	RtlGetAppContainerNamedObjectPath [0x77B37C14+228]
	RtlGetAppContainerNamedObjectPath [0x77B37BE4+180]
" type="org.openqa.selenium.WebDriverException">
      <![CDATA[org.openqa.selenium.WebDriverException: chrome not reachable
Build info: version: '3.7.0', revision: '2321c73', time: '2017-11-02T22:12:12.411Z'
System info: host: 'DESKTOP-721SLGV', ip: '172.16.16.220', os.name: 'Windows 10', os.arch: 'amd64', os.version: '10.0', java.version: '18.0.1'
Driver info: driver.version: ChromeDriver
remote stacktrace: Backtrace:
Ordinal0 [0x00E7D953+2414931]
Ordinal0 [0x00E0F5E1+1963489]
Ordinal0 [0x00CFC580+836992]
Ordinal0 [0x00CF0105+786693]
Ordinal0 [0x00D1C498+967832]
Ordinal0 [0x00D186FA+952058]
Ordinal0 [0x00D15FB1+942001]
Ordinal0 [0x00D49100+1151232]
Ordinal0 [0x00D48D5A+1150298]
Ordinal0 [0x00D442B6+1131190]
Ordinal0 [0x00D1E860+976992]
Ordinal0 [0x00D1F756+980822]
GetHandleVerifier [0x010ECC62+2510274]
GetHandleVerifier [0x010DF760+2455744]
GetHandleVerifier [0x00F0EABA+551962]
GetHandleVerifier [0x00F0D916+547446]
Ordinal0 [0x00E15F3B+1990459]
Ordinal0 [0x00E1A898+2009240]
Ordinal0 [0x00E1A985+2009477]
Ordinal0 [0x00E23AD1+2046673]
BaseThreadInitThunk [0x75486359+25]
RtlGetAppContainerNamedObjectPath [0x77B37C14+228]
RtlGetAppContainerNamedObjectPath [0x77B37BE4+180]

at java.base/jdk.internal.reflect.DirectConstructorHandleAccessor.newInstance(DirectConstructorHandleAccessor.java:67)
at java.base/java.lang.reflect.Constructor.newInstanceWithCaller(Constructor.java:499)
at java.base/java.lang.reflect.Constructor.newInstance(Constructor.java:483)
at org.openqa.selenium.remote.W3CHandshakeResponse.lambda$new$0(W3CHandshakeResponse.java:57)
at org.openqa.selenium.remote.W3CHandshakeResponse.lambda$getResponseFunction$2(W3CHandshakeResponse.java:104)
at org.openqa.selenium.remote.ProtocolHandshake.lambda$createSession$0(ProtocolHandshake.java:123)
at java.base/java.util.stream.ReferencePipeline$3$1.accept(ReferencePipeline.java:197)
at java.base/java.util.Spliterators$ArraySpliterator.tryAdvance(Spliterators.java:1002)
at java.base/java.util.stream.ReferencePipeline.forEachWithCancel(ReferencePipeline.java:129)
at java.base/java.util.stream.AbstractPipeline.copyIntoWithCancel(AbstractPipeline.java:527)
at java.base/java.util.stream.AbstractPipeline.copyInto(AbstractPipeline.java:513)
at java.base/java.util.stream.AbstractPipeline.wrapAndCopyInto(AbstractPipeline.java:499)
at java.base/java.util.stream.FindOps$FindOp.evaluateSequential(FindOps.java:150)
at java.base/java.util.stream.AbstractPipeline.evaluate(AbstractPipeline.java:234)
at java.base/java.util.stream.ReferencePipeline.findFirst(ReferencePipeline.java:647)
at org.openqa.selenium.remote.ProtocolHandshake.createSession(ProtocolHandshake.java:126)
at org.openqa.selenium.remote.ProtocolHandshake.createSession(ProtocolHandshake.java:73)
at org.openqa.selenium.remote.HttpCommandExecutor.execute(HttpCommandExecutor.java:142)
at org.openqa.selenium.remote.service.DriverCommandExecutor.execute(DriverCommandExecutor.java:83)
at org.openqa.selenium.remote.RemoteWebDriver.execute(RemoteWebDriver.java:600)
at org.openqa.selenium.remote.RemoteWebDriver.startSession(RemoteWebDriver.java:219)
at org.openqa.selenium.remote.RemoteWebDriver.<init>(RemoteWebDriver.java:142)
at org.openqa.selenium.chrome.ChromeDriver.<init>(ChromeDriver.java:181)
at org.openqa.selenium.chrome.ChromeDriver.<init>(ChromeDriver.java:168)
at org.openqa.selenium.chrome.ChromeDriver.<init>(ChromeDriver.java:123)
at TestNG.TC_SR_Usr_005.addAddress(TC_SR_Usr_005.java:15)
at java.base/jdk.internal.reflect.DirectMethodHandleAccessor.invoke(DirectMethodHandleAccessor.java:104)
at java.base/java.lang.reflect.Method.invoke(Method.java:577)
at org.testng.internal.MethodInvocationHelper.invokeMethod(MethodInvocationHelper.java:133)
at org.testng.internal.TestInvoker.invokeMethod(TestInvoker.java:598)
at org.testng.internal.TestInvoker.invokeTestMethod(TestInvoker.java:173)
at org.testng.internal.MethodRunner.runInSequence(MethodRunner.java:46)
at org.testng.internal.TestInvoker$MethodInvocationAgent.invoke(TestInvoker.java:824)
at org.testng.internal.TestInvoker.invokeTestMethods(TestInvoker.java:146)
at org.testng.internal.TestMethodWorker.invokeTestMethods(TestMethodWorker.java:146)
at org.testng.internal.TestMethodWorker.run(TestMethodWorker.java:128)
at java.base/java.util.ArrayList.forEach(ArrayList.java:1511)
at org.testng.TestRunner.privateRun(TestRunner.java:794)
at org.testng.TestRunner.run(TestRunner.java:596)
at org.testng.SuiteRunner.runTest(SuiteRunner.java:377)
at org.testng.SuiteRunner.runSequentially(SuiteRunner.java:371)
at org.testng.SuiteRunner.privateRun(SuiteRunner.java:332)
at org.testng.SuiteRunner.run(SuiteRunner.java:276)
at org.testng.SuiteRunnerWorker.runSuite(SuiteRunnerWorker.java:53)
at org.testng.SuiteRunnerWorker.run(SuiteRunnerWorker.java:96)
at org.testng.TestNG.runSuitesSequentially(TestNG.java:1212)
at org.testng.TestNG.runSuitesLocally(TestNG.java:1134)
at org.testng.TestNG.runSuites(TestNG.java:1063)
at org.testng.TestNG.run(TestNG.java:1031)
at org.testng.remote.AbstractRemoteTestNG.run(AbstractRemoteTestNG.java:115)
at org.testng.remote.RemoteTestNG.initAndRun(RemoteTestNG.java:251)
at org.testng.remote.RemoteTestNG.main(RemoteTestNG.java:77)
]]>
    </error>
  </testcase> <!-- addAddress -->
  <system-out/>
</testsuite> <!-- TestNG.TC_SR_Usr_005 -->
